[29492:31576:0304/232940.140:WARNING:chrome_main_delegate.cc(745)] This is Chrome version 128.0.6613.138 (not a warning)
[29492:36188:0304/232940.377:ERROR:google_update_settings.cc(265)] Failed opening key Software\Chromium to set usagestats; result: 5
[29492:31576:0304/232940.434:WARNING:account_consistency_mode_manager.cc(77)] Desktop Identity Consistency cannot be enabled as no OAuth client ID and client secret have been configured.
[6624:18320:0304/232945.550:WARNING:frame_impl.cc(430)] virtual CefFrameImpl::SendProcessMessage sent to detached frame 5-66C95A377E5FBE4EBD384AC3A84E07EA will be ignored
[17200:13212:0304/232948.738:ERROR:ssl_client_socket_impl.cc(882)] handshake failed; returned -1, SSL error code 1, net_error -100
[17200:13212:0304/232949.298:ERROR:ssl_client_socket_impl.cc(882)] handshake failed; returned -1, SSL error code 1, net_error -100
[17200:13212:0304/232957.353:ERROR:ssl_client_socket_impl.cc(882)] handshake failed; returned -1, SSL error code 1, net_error -100
[17200:13212:0304/233011.646:ERROR:ssl_client_socket_impl.cc(882)] handshake failed; returned -1, SSL error code 1, net_error -100
[29492:31576:0304/235054.111:ERROR:device_event_log_impl.cc(196)] [23:50:53.988] USB: usb_service_win.cc:105 SetupDiGetDeviceProperty({{A45C254E-DF1C-4EFD-8020-67D146A850E0}, 6}) failed: Element not found. (0x490)
[17200:3252:0304/235433.741:WARNING:dns_config_service_win.cc(605)] Failed to read DnsConfig.
[29492:11572:0304/235433.750:WARNING:dns_config_service_win.cc(605)] Failed to read DnsConfig.
[29492:31576:0304/235444.979:ERROR:device_event_log_impl.cc(196)] [23:54:44.978] USB: usb_service_win.cc:105 SetupDiGetDeviceProperty({{A45C254E-DF1C-4EFD-8020-67D146A850E0}, 6}) failed: Element not found. (0x490)
[17200:13212:0304/235447.765:ERROR:ssl_client_socket_impl.cc(882)] handshake failed; returned -1, SSL error code 1, net_error -107
[17200:13212:0304/235448.335:ERROR:ssl_client_socket_impl.cc(882)] handshake failed; returned -1, SSL error code 1, net_error -100
[17200:13212:0304/235502.677:ERROR:ssl_client_socket_impl.cc(882)] handshake failed; returned -1, SSL error code 1, net_error -100
[17200:13212:0304/235517.324:ERROR:ssl_client_socket_impl.cc(882)] handshake failed; returned -1, SSL error code 1, net_error -100
[29492:31576:0305/011445.505:WARNING:page_discarding_helper.cc(138)] Discarding multiple pages with target (kb): 0
[17200:13212:0305/011459.179:ERROR:ssl_client_socket_impl.cc(882)] handshake failed; returned -1, SSL error code 1, net_error -100
[17200:13212:0305/011459.833:ERROR:ssl_client_socket_impl.cc(882)] handshake failed; returned -1, SSL error code 1, net_error -100
[17200:13212:0305/011510.576:ERROR:ssl_client_socket_impl.cc(882)] handshake failed; returned -1, SSL error code 1, net_error -100
[17200:13212:0305/011523.845:ERROR:ssl_client_socket_impl.cc(882)] handshake failed; returned -1, SSL error code 1, net_error -100
[29492:31576:0305/011905.935:WARNING:pref_notifier_impl.cc(41)] Pref observer for media_router.cast_allow_all_ips found at shutdown.
