[45896:45856:0305/201032.929:WARNING:chrome_main_delegate.cc(745)] This is Chrome version 128.0.6613.138 (not a warning)
[45896:23504:0305/201033.321:ERROR:google_update_settings.cc(265)] Failed opening key Software\Chromium to set usagestats; result: 5
[45896:45856:0305/201033.465:WARNING:account_consistency_mode_manager.cc(77)] Desktop Identity Consistency cannot be enabled as no OAuth client ID and client secret have been configured.
[35908:44160:0305/201046.784:ERROR:ssl_client_socket_impl.cc(882)] handshake failed; returned -1, SSL error code 1, net_error -100
[35908:44160:0305/201047.775:ERROR:ssl_client_socket_impl.cc(882)] handshake failed; returned -1, SSL error code 1, net_error -100
[35908:44160:0305/201057.403:ERROR:ssl_client_socket_impl.cc(882)] handshake failed; returned -1, SSL error code 1, net_error -107
[35908:44160:0305/201112.484:ERROR:ssl_client_socket_impl.cc(882)] handshake failed; returned -1, SSL error code 1, net_error -100
[45896:45856:0305/203706.276:WARNING:page_discarding_helper.cc(138)] Discarding multiple pages with target (kb): 0
[45896:45856:0305/203711.280:WARNING:page_discarding_helper.cc(138)] Discarding multiple pages with target (kb): 0
[45896:45856:0305/203741.431:WARNING:page_discarding_helper.cc(138)] Discarding multiple pages with target (kb): 0
[45896:45856:0305/203746.432:WARNING:page_discarding_helper.cc(138)] Discarding multiple pages with target (kb): 0
[45896:45856:0305/203751.453:WARNING:page_discarding_helper.cc(138)] Discarding multiple pages with target (kb): 0
[45896:45856:0305/203756.461:WARNING:page_discarding_helper.cc(138)] Discarding multiple pages with target (kb): 0
[45896:45856:0305/203801.462:WARNING:page_discarding_helper.cc(138)] Discarding multiple pages with target (kb): 0
[45896:45856:0305/203806.475:WARNING:page_discarding_helper.cc(138)] Discarding multiple pages with target (kb): 0
[45896:45856:0305/203811.513:WARNING:page_discarding_helper.cc(138)] Discarding multiple pages with target (kb): 0
[45896:45856:0305/203816.521:WARNING:page_discarding_helper.cc(138)] Discarding multiple pages with target (kb): 0
[45896:45856:0305/203821.533:WARNING:page_discarding_helper.cc(138)] Discarding multiple pages with target (kb): 0
[45896:45856:0305/203826.549:WARNING:page_discarding_helper.cc(138)] Discarding multiple pages with target (kb): 0
[45896:45856:0305/203831.548:WARNING:page_discarding_helper.cc(138)] Discarding multiple pages with target (kb): 0
[45896:45856:0305/203836.580:WARNING:page_discarding_helper.cc(138)] Discarding multiple pages with target (kb): 0
[45896:45856:0305/203841.626:WARNING:page_discarding_helper.cc(138)] Discarding multiple pages with target (kb): 0
[45896:45856:0305/203846.663:WARNING:page_discarding_helper.cc(138)] Discarding multiple pages with target (kb): 0
[45896:45856:0305/203851.718:WARNING:page_discarding_helper.cc(138)] Discarding multiple pages with target (kb): 0
[45896:45856:0305/203856.744:WARNING:page_discarding_helper.cc(138)] Discarding multiple pages with target (kb): 0
[45896:45856:0305/203901.788:WARNING:page_discarding_helper.cc(138)] Discarding multiple pages with target (kb): 0
[45896:45856:0305/203906.800:WARNING:page_discarding_helper.cc(138)] Discarding multiple pages with target (kb): 0
[45896:45856:0305/203911.811:WARNING:page_discarding_helper.cc(138)] Discarding multiple pages with target (kb): 0
[45896:45856:0305/203916.823:WARNING:page_discarding_helper.cc(138)] Discarding multiple pages with target (kb): 0
[45896:45856:0305/203926.903:WARNING:page_discarding_helper.cc(138)] Discarding multiple pages with target (kb): 0
[45896:45856:0305/203931.915:WARNING:page_discarding_helper.cc(138)] Discarding multiple pages with target (kb): 0
[45896:45856:0305/203936.915:WARNING:page_discarding_helper.cc(138)] Discarding multiple pages with target (kb): 0
[45896:45856:0305/203941.919:WARNING:page_discarding_helper.cc(138)] Discarding multiple pages with target (kb): 0
[45896:45856:0305/203946.947:WARNING:page_discarding_helper.cc(138)] Discarding multiple pages with target (kb): 0
[45896:45856:0305/203951.984:WARNING:page_discarding_helper.cc(138)] Discarding multiple pages with target (kb): 0
[45896:45856:0305/203956.989:WARNING:page_discarding_helper.cc(138)] Discarding multiple pages with target (kb): 0
[45896:45856:0305/204001.992:WARNING:page_discarding_helper.cc(138)] Discarding multiple pages with target (kb): 0
[45896:45856:0305/204006.998:WARNING:page_discarding_helper.cc(138)] Discarding multiple pages with target (kb): 0
[45896:45856:0305/204012.031:WARNING:page_discarding_helper.cc(138)] Discarding multiple pages with target (kb): 0
[45896:45856:0305/204017.067:WARNING:page_discarding_helper.cc(138)] Discarding multiple pages with target (kb): 0
[45896:45856:0305/204022.067:WARNING:page_discarding_helper.cc(138)] Discarding multiple pages with target (kb): 0
[45896:45856:0305/204027.122:WARNING:page_discarding_helper.cc(138)] Discarding multiple pages with target (kb): 0
[45896:45856:0305/204032.143:WARNING:page_discarding_helper.cc(138)] Discarding multiple pages with target (kb): 0
[45896:45856:0305/204037.161:WARNING:page_discarding_helper.cc(138)] Discarding multiple pages with target (kb): 0
[45896:45856:0305/204042.173:WARNING:page_discarding_helper.cc(138)] Discarding multiple pages with target (kb): 0
[45896:45856:0305/204047.220:WARNING:page_discarding_helper.cc(138)] Discarding multiple pages with target (kb): 0
[45896:45856:0305/204052.220:WARNING:page_discarding_helper.cc(138)] Discarding multiple pages with target (kb): 0
[45896:45856:0305/204057.306:WARNING:page_discarding_helper.cc(138)] Discarding multiple pages with target (kb): 0
[45896:45856:0305/204102.349:WARNING:page_discarding_helper.cc(138)] Discarding multiple pages with target (kb): 0
[45896:45856:0305/204107.361:WARNING:page_discarding_helper.cc(138)] Discarding multiple pages with target (kb): 0
[45896:45856:0305/204112.371:WARNING:page_discarding_helper.cc(138)] Discarding multiple pages with target (kb): 0
[45896:45856:0305/204117.416:WARNING:page_discarding_helper.cc(138)] Discarding multiple pages with target (kb): 0
[45896:45856:0305/204122.428:WARNING:page_discarding_helper.cc(138)] Discarding multiple pages with target (kb): 0
[45896:45856:0305/204127.439:WARNING:page_discarding_helper.cc(138)] Discarding multiple pages with target (kb): 0
[45896:45856:0305/204132.468:WARNING:page_discarding_helper.cc(138)] Discarding multiple pages with target (kb): 0
[45896:45856:0305/204137.476:WARNING:page_discarding_helper.cc(138)] Discarding multiple pages with target (kb): 0
[45896:45856:0305/204142.533:WARNING:page_discarding_helper.cc(138)] Discarding multiple pages with target (kb): 0
[45896:45856:0305/204147.584:WARNING:page_discarding_helper.cc(138)] Discarding multiple pages with target (kb): 0
[45896:45856:0305/204152.592:WARNING:page_discarding_helper.cc(138)] Discarding multiple pages with target (kb): 0
[45896:45856:0305/204423.266:WARNING:page_discarding_helper.cc(138)] Discarding multiple pages with target (kb): 0
[45896:45856:0305/204428.301:WARNING:page_discarding_helper.cc(138)] Discarding multiple pages with target (kb): 0
[45896:45856:0305/204433.302:WARNING:page_discarding_helper.cc(138)] Discarding multiple pages with target (kb): 0
[45896:45856:0305/204438.301:WARNING:page_discarding_helper.cc(138)] Discarding multiple pages with target (kb): 0
[45896:45856:0305/204443.302:WARNING:page_discarding_helper.cc(138)] Discarding multiple pages with target (kb): 0
[45896:45856:0305/204448.301:WARNING:page_discarding_helper.cc(138)] Discarding multiple pages with target (kb): 0
[45896:45856:0305/204453.302:WARNING:page_discarding_helper.cc(138)] Discarding multiple pages with target (kb): 0
[45896:45856:0305/204503.316:WARNING:page_discarding_helper.cc(138)] Discarding multiple pages with target (kb): 0
[45896:45856:0305/204508.316:WARNING:page_discarding_helper.cc(138)] Discarding multiple pages with target (kb): 0
[45896:45856:0305/204513.317:WARNING:page_discarding_helper.cc(138)] Discarding multiple pages with target (kb): 0
[45896:45856:0305/204518.333:WARNING:page_discarding_helper.cc(138)] Discarding multiple pages with target (kb): 0
[45896:45856:0305/204523.333:WARNING:page_discarding_helper.cc(138)] Discarding multiple pages with target (kb): 0
[45896:45856:0305/204528.333:WARNING:page_discarding_helper.cc(138)] Discarding multiple pages with target (kb): 0
[45896:45856:0305/204533.368:WARNING:page_discarding_helper.cc(138)] Discarding multiple pages with target (kb): 0
[45896:45856:0305/204538.368:WARNING:page_discarding_helper.cc(138)] Discarding multiple pages with target (kb): 0
[45896:45856:0305/204543.417:WARNING:page_discarding_helper.cc(138)] Discarding multiple pages with target (kb): 0
[45896:45856:0305/204548.417:WARNING:page_discarding_helper.cc(138)] Discarding multiple pages with target (kb): 0
[45896:45856:0305/204553.418:WARNING:page_discarding_helper.cc(138)] Discarding multiple pages with target (kb): 0
[45896:45856:0305/204558.418:WARNING:page_discarding_helper.cc(138)] Discarding multiple pages with target (kb): 0
[45896:45856:0305/205810.264:WARNING:pref_notifier_impl.cc(41)] Pref observer for media_router.cast_allow_all_ips found at shutdown.
